TN:
SF:/var/www/html/planner-db/index.js
FN:10,(anonymous_0)
FNF:1
FNH:1
FNDA:12,(anonymous_0)
DA:3,12
DA:4,12
DA:5,12
DA:6,12
DA:7,12
DA:8,12
DA:10,12
DA:11,12
DA:24,12
DA:25,12
DA:26,12
DA:28,12
DA:29,12
DA:31,12
DA:33,12
DA:34,0
DA:37,12
DA:38,12
DA:40,12
LF:19
LH:18
BRDA:33,0,0,0
BRDA:33,0,1,12
BRF:2
BRH:1
end_of_record
TN:
SF:/var/www/html/planner-db/lib/agent.js
FN:3,setupAgent
FN:4,createOrUpdate
FN:22,findById
FN:26,findByUuid
FN:37,findAll
FN:41,findConnected
FN:49,findByUsername
FNF:7
FNH:7
FNDA:12,setupAgent
FNDA:2,createOrUpdate
FNDA:1,findById
FNDA:1,findByUuid
FNDA:1,findAll
FNDA:1,findConnected
FNDA:1,findByUsername
DA:3,2
DA:5,2
DA:11,2
DA:13,2
DA:14,1
DA:15,1
DA:18,1
DA:19,1
DA:23,1
DA:27,1
DA:32,1
DA:34,1
DA:38,1
DA:42,1
DA:50,1
DA:58,12
LF:16
LH:16
BRDA:13,0,0,1
BRDA:13,0,1,1
BRDA:15,1,0,1
BRDA:15,1,1,0
BRF:4
BRH:3
end_of_record
TN:
SF:/var/www/html/planner-db/lib/db.js
FN:7,setupDatabase
FNF:1
FNH:1
FNDA:12,setupDatabase
DA:3,2
DA:5,2
DA:7,2
DA:8,12
DA:9,2
DA:11,12
LF:6
LH:6
BRDA:8,0,0,2
BRDA:8,0,1,10
BRF:2
BRH:2
end_of_record
TN:
SF:/var/www/html/planner-db/lib/metric.js
FN:3,setupMetric
FN:4,findByAgentUuid
FN:19,findByTypeAgentUuid
FN:38,create
FNF:4
FNH:4
FNDA:12,setupMetric
FNDA:1,findByAgentUuid
FNDA:1,findByTypeAgentUuid
FNDA:1,create
DA:3,2
DA:5,1
DA:20,1
DA:39,1
DA:43,1
DA:44,1
DA:45,1
DA:46,1
DA:50,12
LF:9
LH:9
BRDA:43,0,0,1
BRDA:43,0,1,0
BRF:2
BRH:1
end_of_record
TN:
SF:/var/www/html/planner-db/models/agent.js
FN:6,setupAgentModel
FNF:1
FNH:0
FNDA:0,setupAgentModel
DA:3,2
DA:4,2
DA:6,2
DA:7,0
DA:9,0
LF:5
LH:3
BRF:0
BRH:0
end_of_record
TN:
SF:/var/www/html/planner-db/models/metric.js
FN:6,setupMetricModel
FNF:1
FNH:0
FNDA:0,setupMetricModel
DA:3,2
DA:4,2
DA:6,2
DA:7,0
DA:9,0
LF:5
LH:3
BRF:0
BRH:0
end_of_record
TN:
SF:/var/www/html/planner-db/tests/agent-tests.js
FN:10,(anonymous_4)
FN:53,(anonymous_5)
FN:62,(anonymous_6)
FN:84,(anonymous_7)
FN:85,(anonymous_8)
FN:90,(anonymous_9)
FN:94,(anonymous_10)
FN:98,(anonymous_11)
FN:105,(anonymous_12)
FN:115,(anonymous_13)
FN:126,(anonymous_14)
FN:143,(anonymous_15)
FN:153,(anonymous_16)
FN:164,(anonymous_17)
FN:175,(anonymous_18)
FNF:15
FNH:15
FNDA:9,(anonymous_4)
FNDA:9,(anonymous_5)
FNDA:1,(anonymous_6)
FNDA:9,(anonymous_7)
FNDA:9,(anonymous_8)
FNDA:9,(anonymous_9)
FNDA:1,(anonymous_10)
FNDA:1,(anonymous_11)
FNDA:1,(anonymous_12)
FNDA:1,(anonymous_13)
FNDA:1,(anonymous_14)
FNDA:1,(anonymous_15)
FNDA:1,(anonymous_16)
FNDA:1,(anonymous_17)
FNDA:1,(anonymous_18)
DA:3,1
DA:4,1
DA:5,1
DA:7,1
DA:9,1
DA:13,1
DA:17,1
DA:18,1
DA:19,1
DA:20,1
DA:21,1
DA:22,1
DA:23,1
DA:25,1
DA:31,1
DA:37,1
DA:44,1
DA:53,1
DA:54,9
DA:55,9
DA:60,9
DA:61,9
DA:62,1
DA:66,9
DA:67,9
DA:70,9
DA:71,9
DA:74,9
DA:75,9
DA:78,9
DA:79,9
DA:80,9
DA:81,9
DA:83,9
DA:84,9
DA:85,9
DA:87,9
DA:90,1
DA:91,9
DA:94,1
DA:95,1
DA:98,4
DA:99,1
DA:100,1
DA:101,1
DA:102,1
DA:105,3
DA:106,1
DA:108,1
DA:109,1
DA:110,1
DA:112,1
DA:115,4
DA:116,1
DA:118,1
DA:119,1
DA:120,1
DA:121,1
DA:123,1
DA:126,6
DA:127,1
DA:129,1
DA:130,1
DA:131,1
DA:136,1
DA:137,1
DA:138,1
DA:140,1
DA:143,3
DA:144,1
DA:146,1
DA:147,1
DA:148,1
DA:150,1
DA:153,3
DA:154,1
DA:156,1
DA:157,1
DA:158,1
DA:160,1
DA:161,1
DA:164,3
DA:165,1
DA:167,1
DA:168,1
DA:169,1
DA:171,1
DA:172,1
DA:175,3
DA:176,1
DA:178,1
DA:179,1
DA:180,1
DA:182,1
DA:183,1
LF:95
LH:95
BRDA:91,0,0,9
BRDA:91,0,1,9
BRF:2
BRH:2
end_of_record
TN:
SF:/var/www/html/planner-db/tests/metric-tests.js
FN:12,(anonymous_4)
FN:42,(anonymous_5)
FN:92,(anonymous_6)
FN:98,(anonymous_7)
FN:99,(anonymous_8)
FN:105,(anonymous_9)
FN:115,(anonymous_10)
FN:125,(anonymous_11)
FNF:8
FNH:8
FNDA:3,(anonymous_4)
FNDA:3,(anonymous_5)
FNDA:1,(anonymous_6)
FNDA:3,(anonymous_7)
FNDA:3,(anonymous_8)
FNDA:1,(anonymous_9)
FNDA:1,(anonymous_10)
FNDA:1,(anonymous_11)
DA:3,1
DA:4,1
DA:6,1
DA:8,1
DA:9,1
DA:11,1
DA:15,1
DA:16,1
DA:17,1
DA:18,1
DA:19,1
DA:20,1
DA:21,1
DA:23,1
DA:24,1
DA:25,1
DA:30,1
DA:36,1
DA:42,1
DA:43,3
DA:44,3
DA:47,3
DA:51,3
DA:67,3
DA:81,3
DA:82,3
DA:83,3
DA:86,3
DA:87,3
DA:90,3
DA:91,3
DA:93,1
DA:97,3
DA:98,3
DA:99,3
DA:102,3
DA:105,3
DA:106,1
DA:108,1
DA:109,1
DA:110,1
DA:112,1
DA:115,3
DA:116,1
DA:118,1
DA:119,1
DA:120,1
DA:122,1
DA:125,1
DA:126,1
DA:128,1
LF:51
LH:51
BRF:0
BRH:0
end_of_record
TN:
SF:/var/www/html/planner-db/tests/fixtures/agent.js
FN:22,extend
FN:30,(anonymous_1)
FN:31,(anonymous_2)
FN:32,(anonymous_3)
FN:32,(anonymous_4)
FN:33,(anonymous_5)
FN:33,(anonymous_6)
FNF:7
FNH:7
FNDA:6,extend
FNDA:8,(anonymous_1)
FNDA:8,(anonymous_2)
FNDA:10,(anonymous_3)
FNDA:40,(anonymous_4)
FNDA:10,(anonymous_5)
FNDA:40,(anonymous_6)
DA:3,2
DA:15,2
DA:23,6
DA:24,6
DA:27,2
DA:30,8
DA:31,8
DA:32,40
DA:33,40
LF:9
LH:9
BRF:0
BRH:0
end_of_record
TN:
SF:/var/www/html/planner-db/tests/fixtures/metric.js
FN:22,extend
FN:30,(anonymous_1)
FN:30,(anonymous_2)
FN:31,(anonymous_3)
FN:31,(anonymous_4)
FNF:5
FNH:5
FNDA:3,extend
FNDA:4,(anonymous_1)
FNDA:16,(anonymous_2)
FNDA:4,(anonymous_3)
FNDA:16,(anonymous_4)
DA:5,1
DA:14,1
DA:23,3
DA:24,3
DA:27,1
DA:30,16
DA:31,16
LF:7
LH:7
BRDA:31,0,0,16
BRDA:31,0,1,12
BRF:2
BRH:2
end_of_record
