TN:
SF:/var/www/html/planner-db/index.js
FN:58,(anonymous_0)
FNF:1
FNH:1
FNDA:13,(anonymous_0)
DA:3,13
DA:5,13
DA:6,13
DA:7,13
DA:8,13
DA:10,13
DA:11,13
DA:12,13
DA:13,13
DA:14,13
DA:15,13
DA:17,13
DA:18,13
DA:19,13
DA:21,13
DA:22,13
DA:23,13
DA:25,13
DA:26,13
DA:27,13
DA:28,13
DA:31,13
DA:32,13
DA:33,13
DA:34,13
DA:36,13
DA:37,13
DA:38,13
DA:39,13
DA:40,13
DA:41,13
DA:43,13
DA:44,13
DA:45,13
DA:47,13
DA:48,13
DA:49,13
DA:51,13
DA:52,13
DA:53,13
DA:54,13
DA:56,13
DA:58,13
DA:59,13
DA:72,13
DA:75,13
DA:76,13
DA:77,13
DA:78,13
DA:80,13
DA:81,13
DA:82,13
DA:83,13
DA:84,13
DA:85,13
DA:87,13
DA:88,13
DA:89,13
DA:91,13
DA:92,13
DA:93,13
DA:95,13
DA:96,13
DA:97,13
DA:98,13
DA:101,13
DA:102,13
DA:104,13
DA:105,13
DA:107,13
DA:108,13
DA:111,13
DA:112,13
DA:114,13
DA:115,13
DA:117,13
DA:118,13
DA:121,13
DA:122,13
DA:124,13
DA:125,13
DA:127,13
DA:128,13
DA:131,13
DA:132,13
DA:134,13
DA:135,13
DA:137,13
DA:138,13
DA:141,13
DA:142,13
DA:144,13
DA:145,13
DA:148,13
DA:149,13
DA:151,13
DA:152,13
DA:154,13
DA:155,13
DA:158,13
DA:159,13
DA:161,13
DA:162,13
DA:164,13
DA:165,13
DA:168,13
DA:169,13
DA:171,13
DA:172,13
DA:174,13
DA:175,13
DA:178,13
DA:179,13
DA:181,13
DA:182,13
DA:185,13
DA:186,13
DA:188,13
DA:189,13
DA:192,13
DA:193,13
DA:195,13
DA:196,13
DA:199,13
DA:200,13
DA:202,13
DA:203,13
DA:206,13
DA:207,13
DA:209,13
DA:210,13
DA:213,13
DA:214,13
DA:216,13
DA:217,13
DA:220,13
DA:221,13
DA:223,13
DA:224,13
DA:226,13
DA:228,13
DA:229,0
DA:232,13
DA:233,13
DA:234,13
DA:235,13
DA:237,13
DA:238,13
DA:239,13
DA:240,13
DA:241,13
DA:242,13
DA:244,13
DA:245,13
DA:246,13
DA:248,13
DA:249,13
DA:250,13
DA:252,13
DA:253,13
DA:254,13
DA:255,13
DA:257,13
LF:163
LH:162
BRDA:228,0,0,0
BRDA:228,0,1,13
BRF:2
BRH:1
end_of_record
TN:
SF:/var/www/html/planner-db/lib/db.js
FN:7,setupDatabase
FNF:1
FNH:1
FNDA:13,setupDatabase
DA:3,3
DA:5,3
DA:7,3
DA:8,13
DA:9,3
DA:11,13
LF:6
LH:6
BRDA:8,0,0,3
BRDA:8,0,1,10
BRF:2
BRH:2
end_of_record
TN:
SF:/var/www/html/planner-db/lib/core-ps/pdp.js
FN:3,setupPdp
FNF:1
FNH:1
FNDA:13,setupPdp
DA:3,3
LF:1
LH:1
BRF:0
BRH:0
end_of_record
TN:
SF:/var/www/html/planner-db/lib/core-ps/sau.js
FN:3,setupSau
FNF:1
FNH:1
FNDA:13,setupSau
DA:3,3
LF:1
LH:1
BRF:0
BRH:0
end_of_record
TN:
SF:/var/www/html/planner-db/lib/core-ps/th.js
FN:3,setupTh
FNF:1
FNH:1
FNDA:13,setupTh
DA:3,3
LF:1
LH:1
BRF:0
BRH:0
end_of_record
TN:
SF:/var/www/html/planner-db/lib/general/centralized_analysis.js
FN:3,setupCentralizedAnalysis
FNF:1
FNH:1
FNDA:13,setupCentralizedAnalysis
DA:3,3
LF:1
LH:1
BRF:0
BRH:0
end_of_record
TN:
SF:/var/www/html/planner-db/lib/general/class.js
FN:3,setupClass
FN:4,createOrUpdate
FN:22,findAll
FNF:3
FNH:3
FNDA:13,setupClass
FNDA:2,createOrUpdate
FNDA:1,findAll
DA:3,3
DA:5,2
DA:11,2
DA:13,2
DA:14,1
DA:15,1
DA:18,1
DA:19,1
DA:23,1
DA:26,13
LF:10
LH:10
BRDA:13,0,0,1
BRDA:13,0,1,1
BRDA:15,1,0,1
BRDA:15,1,1,0
BRF:4
BRH:3
end_of_record
TN:
SF:/var/www/html/planner-db/lib/general/datacenter.js
FN:3,setupDatacenter
FNF:1
FNH:1
FNDA:13,setupDatacenter
DA:3,3
LF:1
LH:1
BRF:0
BRH:0
end_of_record
TN:
SF:/var/www/html/planner-db/lib/general/datacenter_main.js
FN:3,setupDatacenterMain
FNF:1
FNH:1
FNDA:13,setupDatacenterMain
DA:3,3
LF:1
LH:1
BRF:0
BRH:0
end_of_record
TN:
SF:/var/www/html/planner-db/lib/general/date.js
FN:3,setupDate
FN:4,createOrUpdate
FN:22,findAll
FN:26,findByDate
FNF:4
FNH:4
FNDA:13,setupDate
FNDA:2,createOrUpdate
FNDA:1,findAll
FNDA:1,findByDate
DA:3,3
DA:5,2
DA:11,2
DA:13,2
DA:14,1
DA:15,1
DA:18,1
DA:19,1
DA:23,1
DA:27,1
DA:33,1
DA:36,13
LF:12
LH:12
BRDA:13,0,0,1
BRDA:13,0,1,1
BRDA:15,1,0,1
BRDA:15,1,1,0
BRF:4
BRH:3
end_of_record
TN:
SF:/var/www/html/planner-db/lib/general/gb.js
FN:3,setupGb
FNF:1
FNH:1
FNDA:13,setupGb
DA:3,3
LF:1
LH:1
BRF:0
BRH:0
end_of_record
TN:
SF:/var/www/html/planner-db/lib/general/region.js
FN:3,setupRegion
FNF:1
FNH:1
FNDA:13,setupRegion
DA:3,3
LF:1
LH:1
BRF:0
BRH:0
end_of_record
TN:
SF:/var/www/html/planner-db/lib/general/traffic.js
FN:3,setupTraffic
FNF:1
FNH:1
FNDA:13,setupTraffic
DA:3,3
LF:1
LH:1
BRF:0
BRH:0
end_of_record
TN:
SF:/var/www/html/planner-db/lib/general/type.js
FN:3,setupType
FN:4,createOrUpdate
FN:22,findAll
FNF:3
FNH:1
FNDA:13,setupType
FNDA:0,createOrUpdate
FNDA:0,findAll
DA:3,3
DA:5,0
DA:11,0
DA:13,0
DA:14,0
DA:15,0
DA:18,0
DA:19,0
DA:23,0
DA:26,13
LF:10
LH:2
BRDA:13,0,0,0
BRDA:13,0,1,0
BRDA:15,1,0,0
BRDA:15,1,1,0
BRF:4
BRH:0
end_of_record
TN:
SF:/var/www/html/planner-db/lib/general/users.js
FN:3,setupUsers
FNF:1
FNH:1
FNDA:13,setupUsers
DA:3,3
LF:1
LH:1
BRF:0
BRH:0
end_of_record
TN:
SF:/var/www/html/planner-db/lib/ratios/pdp_ sau.js
FN:3,setupPdpSau
FNF:1
FNH:1
FNDA:13,setupPdpSau
DA:3,3
LF:1
LH:1
BRF:0
BRH:0
end_of_record
TN:
SF:/var/www/html/planner-db/lib/ratios/sau_users.js
FN:3,setupSauUsers
FNF:1
FNH:1
FNDA:13,setupSauUsers
DA:3,3
LF:1
LH:1
BRF:0
BRH:0
end_of_record
TN:
SF:/var/www/html/planner-db/lib/ratios/thfc_pdp.js
FN:3,setupThfcPdp
FNF:1
FNH:1
FNDA:13,setupThfcPdp
DA:3,3
LF:1
LH:1
BRF:0
BRH:0
end_of_record
TN:
SF:/var/www/html/planner-db/lib/ratios/thfc_sau.js
FN:3,setupThfcSau
FNF:1
FNH:1
FNDA:13,setupThfcSau
DA:3,3
LF:1
LH:1
BRF:0
BRH:0
end_of_record
TN:
SF:/var/www/html/planner-db/lib/u2000/pdp.js
FN:3,setupUpdp
FNF:1
FNH:1
FNDA:13,setupUpdp
DA:3,3
LF:1
LH:1
BRF:0
BRH:0
end_of_record
TN:
SF:/var/www/html/planner-db/lib/u2000/sau.js
FN:3,setupUsau
FNF:1
FNH:1
FNDA:13,setupUsau
DA:3,3
LF:1
LH:1
BRF:0
BRH:0
end_of_record
TN:
SF:/var/www/html/planner-db/lib/u2000/th.js
FN:3,setupUth
FNF:1
FNH:1
FNDA:13,setupUth
DA:3,3
LF:1
LH:1
BRF:0
BRH:0
end_of_record
TN:
SF:/var/www/html/planner-db/models/core-ps/pdp.js
FN:6,setupPdpModel
FNF:1
FNH:0
FNDA:0,setupPdpModel
DA:3,3
DA:4,3
DA:6,3
DA:7,0
DA:9,0
LF:5
LH:3
BRF:0
BRH:0
end_of_record
TN:
SF:/var/www/html/planner-db/models/core-ps/sau.js
FN:6,setupSauModel
FNF:1
FNH:0
FNDA:0,setupSauModel
DA:3,3
DA:4,3
DA:6,3
DA:7,0
DA:9,0
LF:5
LH:3
BRF:0
BRH:0
end_of_record
TN:
SF:/var/www/html/planner-db/models/core-ps/th.js
FN:6,setupThModel
FNF:1
FNH:0
FNDA:0,setupThModel
DA:3,3
DA:4,3
DA:6,3
DA:7,0
DA:9,0
LF:5
LH:3
BRF:0
BRH:0
end_of_record
TN:
SF:/var/www/html/planner-db/models/general/centralized_analysis.js
FN:6,setupCentralizedAnalysisModel
FNF:1
FNH:0
FNDA:0,setupCentralizedAnalysisModel
DA:3,3
DA:4,3
DA:6,3
DA:7,0
DA:9,0
LF:5
LH:3
BRF:0
BRH:0
end_of_record
TN:
SF:/var/www/html/planner-db/models/general/class.js
FN:6,setupClassModel
FNF:1
FNH:0
FNDA:0,setupClassModel
DA:3,3
DA:4,3
DA:6,3
DA:7,0
DA:9,0
LF:5
LH:3
BRF:0
BRH:0
end_of_record
TN:
SF:/var/www/html/planner-db/models/general/datacenter.js
FN:6,setupDatacenterModel
FNF:1
FNH:0
FNDA:0,setupDatacenterModel
DA:3,3
DA:4,3
DA:6,3
DA:7,0
DA:9,0
LF:5
LH:3
BRF:0
BRH:0
end_of_record
TN:
SF:/var/www/html/planner-db/models/general/datacenter_main.js
FN:6,setupDatacenterMainModel
FNF:1
FNH:0
FNDA:0,setupDatacenterMainModel
DA:3,3
DA:4,3
DA:6,3
DA:7,0
DA:9,0
LF:5
LH:3
BRF:0
BRH:0
end_of_record
TN:
SF:/var/www/html/planner-db/models/general/date.js
FN:6,setupDateModel
FNF:1
FNH:0
FNDA:0,setupDateModel
DA:3,3
DA:4,3
DA:6,3
DA:7,0
DA:9,0
LF:5
LH:3
BRF:0
BRH:0
end_of_record
TN:
SF:/var/www/html/planner-db/models/general/gb.js
FN:6,setupGbModel
FNF:1
FNH:0
FNDA:0,setupGbModel
DA:3,3
DA:4,3
DA:6,3
DA:7,0
DA:9,0
LF:5
LH:3
BRF:0
BRH:0
end_of_record
TN:
SF:/var/www/html/planner-db/models/general/region.js
FN:6,setupRegionModel
FNF:1
FNH:0
FNDA:0,setupRegionModel
DA:3,3
DA:4,3
DA:6,3
DA:7,0
DA:9,0
LF:5
LH:3
BRF:0
BRH:0
end_of_record
TN:
SF:/var/www/html/planner-db/models/general/traffic.js
FN:6,setupTrafficModel
FNF:1
FNH:0
FNDA:0,setupTrafficModel
DA:3,3
DA:4,3
DA:6,3
DA:7,0
DA:9,0
LF:5
LH:3
BRF:0
BRH:0
end_of_record
TN:
SF:/var/www/html/planner-db/models/general/type.js
FN:6,setupTypeModel
FNF:1
FNH:0
FNDA:0,setupTypeModel
DA:3,3
DA:4,3
DA:6,3
DA:7,0
DA:9,0
LF:5
LH:3
BRF:0
BRH:0
end_of_record
TN:
SF:/var/www/html/planner-db/models/general/users.js
FN:6,setupUsersModel
FNF:1
FNH:0
FNDA:0,setupUsersModel
DA:3,3
DA:4,3
DA:6,3
DA:7,0
DA:9,0
LF:5
LH:3
BRF:0
BRH:0
end_of_record
TN:
SF:/var/www/html/planner-db/models/ratios/pdp_ sau.js
FN:6,setupPdpSauModel
FNF:1
FNH:0
FNDA:0,setupPdpSauModel
DA:3,3
DA:4,3
DA:6,3
DA:7,0
DA:9,0
LF:5
LH:3
BRF:0
BRH:0
end_of_record
TN:
SF:/var/www/html/planner-db/models/ratios/sau_users.js
FN:6,setupSauUsersModel
FNF:1
FNH:0
FNDA:0,setupSauUsersModel
DA:3,3
DA:4,3
DA:6,3
DA:7,0
DA:9,0
LF:5
LH:3
BRF:0
BRH:0
end_of_record
TN:
SF:/var/www/html/planner-db/models/ratios/thfc_pdp.js
FN:6,setupThfcPdpModel
FNF:1
FNH:0
FNDA:0,setupThfcPdpModel
DA:3,3
DA:4,3
DA:6,3
DA:7,0
DA:9,0
LF:5
LH:3
BRF:0
BRH:0
end_of_record
TN:
SF:/var/www/html/planner-db/models/ratios/thfc_sau.js
FN:6,setupThfcSauModel
FNF:1
FNH:0
FNDA:0,setupThfcSauModel
DA:3,3
DA:4,3
DA:6,3
DA:7,0
DA:9,0
LF:5
LH:3
BRF:0
BRH:0
end_of_record
TN:
SF:/var/www/html/planner-db/models/u2000/pdp.js
FN:6,setupUpdpModel
FNF:1
FNH:0
FNDA:0,setupUpdpModel
DA:3,3
DA:4,3
DA:6,3
DA:7,0
DA:9,0
LF:5
LH:3
BRF:0
BRH:0
end_of_record
TN:
SF:/var/www/html/planner-db/models/u2000/sau.js
FN:6,setupUsauModel
FNF:1
FNH:0
FNDA:0,setupUsauModel
DA:3,3
DA:4,3
DA:6,3
DA:7,0
DA:9,0
LF:5
LH:3
BRF:0
BRH:0
end_of_record
TN:
SF:/var/www/html/planner-db/models/u2000/th.js
FN:6,setupUthModel
FNF:1
FNH:0
FNDA:0,setupUthModel
DA:3,3
DA:4,3
DA:6,3
DA:7,0
DA:9,0
LF:5
LH:3
BRF:0
BRH:0
end_of_record
TN:
SF:/var/www/html/planner-db/tests/class-tests.js
FN:10,(anonymous_4)
FN:102,(anonymous_5)
FN:119,(anonymous_6)
FN:129,(anonymous_7)
FN:130,(anonymous_8)
FN:131,(anonymous_9)
FN:132,(anonymous_10)
FN:134,(anonymous_11)
FN:135,(anonymous_12)
FN:136,(anonymous_13)
FN:137,(anonymous_14)
FN:138,(anonymous_15)
FN:139,(anonymous_16)
FN:141,(anonymous_17)
FN:142,(anonymous_18)
FN:143,(anonymous_19)
FN:145,(anonymous_20)
FN:146,(anonymous_21)
FN:147,(anonymous_22)
FN:149,(anonymous_23)
FN:150,(anonymous_24)
FN:151,(anonymous_25)
FN:152,(anonymous_26)
FN:158,(anonymous_27)
FN:162,(anonymous_28)
FN:166,(anonymous_29)
FN:184,(anonymous_30)
FN:197,(anonymous_31)
FN:210,(anonymous_32)
FNF:29
FNH:29
FNDA:5,(anonymous_4)
FNDA:5,(anonymous_5)
FNDA:1,(anonymous_6)
FNDA:5,(anonymous_7)
FNDA:5,(anonymous_8)
FNDA:5,(anonymous_9)
FNDA:5,(anonymous_10)
FNDA:5,(anonymous_11)
FNDA:5,(anonymous_12)
FNDA:5,(anonymous_13)
FNDA:5,(anonymous_14)
FNDA:5,(anonymous_15)
FNDA:5,(anonymous_16)
FNDA:5,(anonymous_17)
FNDA:5,(anonymous_18)
FNDA:5,(anonymous_19)
FNDA:5,(anonymous_20)
FNDA:5,(anonymous_21)
FNDA:5,(anonymous_22)
FNDA:5,(anonymous_23)
FNDA:5,(anonymous_24)
FNDA:5,(anonymous_25)
FNDA:5,(anonymous_26)
FNDA:5,(anonymous_27)
FNDA:1,(anonymous_28)
FNDA:1,(anonymous_29)
FNDA:1,(anonymous_30)
FNDA:1,(anonymous_31)
FNDA:1,(anonymous_32)
DA:3,1
DA:4,1
DA:5,1
DA:7,1
DA:9,1
DA:13,1
DA:14,1
DA:15,1
DA:18,1
DA:21,1
DA:25,1
DA:29,1
DA:33,1
DA:37,1
DA:40,1
DA:43,1
DA:46,1
DA:51,1
DA:54,1
DA:57,1
DA:62,1
DA:65,1
DA:68,1
DA:73,1
DA:76,1
DA:79,1
DA:82,1
DA:86,1
DA:87,1
DA:92,1
DA:96,1
DA:102,1
DA:103,5
DA:104,5
DA:109,5
DA:110,5
DA:113,5
DA:114,5
DA:117,5
DA:118,5
DA:120,1
DA:125,5
DA:126,5
DA:128,5
DA:129,5
DA:130,5
DA:131,5
DA:132,5
DA:134,5
DA:135,5
DA:136,5
DA:137,5
DA:138,5
DA:139,5
DA:141,5
DA:142,5
DA:143,5
DA:145,5
DA:146,5
DA:147,5
DA:149,5
DA:150,5
DA:151,5
DA:152,5
DA:155,5
DA:158,1
DA:159,5
DA:162,1
DA:163,1
DA:166,15
DA:167,1
DA:168,1
DA:169,1
DA:170,1
DA:171,1
DA:172,1
DA:173,1
DA:174,1
DA:175,1
DA:176,1
DA:177,1
DA:178,1
DA:179,1
DA:180,1
DA:181,1
DA:184,6
DA:185,1
DA:187,1
DA:188,1
DA:189,1
DA:190,1
DA:191,1
DA:192,1
DA:194,1
DA:197,6
DA:198,1
DA:200,1
DA:201,1
DA:202,1
DA:203,1
DA:204,1
DA:205,1
DA:207,1
DA:210,3
DA:211,1
DA:213,1
DA:214,1
DA:215,1
DA:217,1
LF:109
LH:109
BRDA:159,0,0,5
BRDA:159,0,1,5
BRF:2
BRH:2
end_of_record
TN:
SF:/var/www/html/planner-db/tests/date-tests.js
FN:12,(anonymous_4)
FN:99,(anonymous_5)
FN:116,(anonymous_6)
FN:126,(anonymous_7)
FN:127,(anonymous_8)
FN:128,(anonymous_9)
FN:129,(anonymous_10)
FN:131,(anonymous_11)
FN:132,(anonymous_12)
FN:133,(anonymous_13)
FN:134,(anonymous_14)
FN:135,(anonymous_15)
FN:136,(anonymous_16)
FN:138,(anonymous_17)
FN:139,(anonymous_18)
FN:140,(anonymous_19)
FN:142,(anonymous_20)
FN:143,(anonymous_21)
FN:144,(anonymous_22)
FN:146,(anonymous_23)
FN:147,(anonymous_24)
FN:148,(anonymous_25)
FN:149,(anonymous_26)
FN:155,(anonymous_27)
FN:159,(anonymous_28)
FN:163,(anonymous_29)
FN:182,(anonymous_30)
FN:192,(anonymous_31)
FN:209,(anonymous_32)
FN:219,(anonymous_33)
FNF:30
FNH:30
FNDA:6,(anonymous_4)
FNDA:6,(anonymous_5)
FNDA:1,(anonymous_6)
FNDA:6,(anonymous_7)
FNDA:6,(anonymous_8)
FNDA:6,(anonymous_9)
FNDA:6,(anonymous_10)
FNDA:6,(anonymous_11)
FNDA:6,(anonymous_12)
FNDA:6,(anonymous_13)
FNDA:6,(anonymous_14)
FNDA:6,(anonymous_15)
FNDA:6,(anonymous_16)
FNDA:6,(anonymous_17)
FNDA:6,(anonymous_18)
FNDA:6,(anonymous_19)
FNDA:6,(anonymous_20)
FNDA:6,(anonymous_21)
FNDA:6,(anonymous_22)
FNDA:6,(anonymous_23)
FNDA:6,(anonymous_24)
FNDA:6,(anonymous_25)
FNDA:6,(anonymous_26)
FNDA:6,(anonymous_27)
FNDA:1,(anonymous_28)
FNDA:1,(anonymous_29)
FNDA:1,(anonymous_30)
FNDA:1,(anonymous_31)
FNDA:1,(anonymous_32)
FNDA:1,(anonymous_33)
DA:3,1
DA:4,1
DA:5,1
DA:7,1
DA:9,1
DA:11,1
DA:15,1
DA:16,1
DA:17,1
DA:20,1
DA:24,1
DA:27,1
DA:31,1
DA:35,1
DA:39,1
DA:42,1
DA:45,1
DA:48,1
DA:53,1
DA:56,1
DA:59,1
DA:64,1
DA:67,1
DA:70,1
DA:75,1
DA:78,1
DA:81,1
DA:84,1
DA:88,1
DA:89,1
DA:94,1
DA:99,1
DA:100,6
DA:101,6
DA:106,6
DA:107,6
DA:110,6
DA:111,6
DA:114,6
DA:115,6
DA:117,1
DA:122,6
DA:123,6
DA:125,6
DA:126,6
DA:127,6
DA:128,6
DA:129,6
DA:131,6
DA:132,6
DA:133,6
DA:134,6
DA:135,6
DA:136,6
DA:138,6
DA:139,6
DA:140,6
DA:142,6
DA:143,6
DA:144,6
DA:146,6
DA:147,6
DA:148,6
DA:149,6
DA:152,6
DA:155,1
DA:156,6
DA:159,1
DA:160,1
DA:163,16
DA:164,1
DA:165,1
DA:166,1
DA:167,1
DA:168,1
DA:169,1
DA:170,1
DA:171,1
DA:172,1
DA:173,1
DA:174,1
DA:175,1
DA:176,1
DA:177,1
DA:178,1
DA:179,1
DA:182,3
DA:183,1
DA:185,1
DA:186,1
DA:187,1
DA:189,1
DA:192,6
DA:193,1
DA:195,1
DA:196,1
DA:197,1
DA:202,1
DA:203,1
DA:204,1
DA:206,1
DA:209,3
DA:210,1
DA:212,1
DA:213,1
DA:214,1
DA:216,1
DA:219,3
DA:220,1
DA:222,1
DA:223,1
DA:224,1
DA:226,1
LF:113
LH:113
BRDA:156,0,0,6
BRDA:156,0,1,6
BRF:2
BRH:2
end_of_record
TN:
SF:/var/www/html/planner-db/tests/fixtures/class.js
FN:13,extend
FNF:1
FNH:1
FNDA:1,extend
DA:3,1
DA:8,1
DA:14,1
DA:15,1
DA:18,1
LF:5
LH:5
BRF:0
BRH:0
end_of_record
TN:
SF:/var/www/html/planner-db/tests/fixtures/date.js
FN:18,extend
FN:26,(anonymous_1)
FN:26,(anonymous_2)
FNF:3
FNH:3
FNDA:4,extend
FNDA:7,(anonymous_1)
FNDA:35,(anonymous_2)
DA:3,1
DA:10,1
DA:19,4
DA:20,4
DA:23,1
DA:26,35
LF:6
LH:6
BRF:0
BRH:0
end_of_record
