TN:
SF:/var/www/html/planner-db/index.js
FN:58,(anonymous_0)
FNF:1
FNH:1
FNDA:2,(anonymous_0)
DA:3,2
DA:5,2
DA:6,2
DA:7,2
DA:8,2
DA:10,2
DA:11,2
DA:12,2
DA:13,2
DA:14,2
DA:15,2
DA:17,2
DA:18,2
DA:19,2
DA:21,2
DA:22,2
DA:23,2
DA:25,2
DA:26,2
DA:27,2
DA:28,2
DA:31,2
DA:32,2
DA:33,2
DA:34,2
DA:36,2
DA:37,2
DA:38,2
DA:39,2
DA:40,2
DA:41,2
DA:43,2
DA:44,2
DA:45,2
DA:47,2
DA:48,2
DA:49,2
DA:51,2
DA:52,2
DA:53,2
DA:54,2
DA:56,2
DA:58,2
DA:59,2
DA:72,2
DA:75,2
DA:76,2
DA:77,2
DA:78,2
DA:80,2
DA:81,2
DA:82,2
DA:83,2
DA:84,2
DA:85,2
DA:87,2
DA:88,2
DA:89,2
DA:91,2
DA:92,2
DA:93,2
DA:95,2
DA:96,2
DA:97,2
DA:98,2
DA:101,2
DA:102,2
DA:104,2
DA:105,2
DA:107,2
DA:108,2
DA:111,2
DA:112,2
DA:114,2
DA:115,2
DA:117,2
DA:118,2
DA:121,2
DA:122,2
DA:124,2
DA:125,2
DA:127,2
DA:128,2
DA:131,2
DA:132,2
DA:134,2
DA:135,2
DA:137,2
DA:138,2
DA:141,2
DA:142,2
DA:144,2
DA:145,2
DA:148,2
DA:149,2
DA:151,2
DA:152,2
DA:154,2
DA:155,2
DA:158,2
DA:159,2
DA:161,2
DA:162,2
DA:164,2
DA:165,2
DA:168,2
DA:169,2
DA:171,2
DA:172,2
DA:174,2
DA:175,2
DA:178,2
DA:179,2
DA:181,2
DA:182,2
DA:185,2
DA:186,2
DA:188,2
DA:189,2
DA:192,2
DA:193,2
DA:195,2
DA:196,2
DA:199,2
DA:200,2
DA:202,2
DA:203,2
DA:206,2
DA:207,2
DA:209,2
DA:210,2
DA:213,2
DA:214,2
DA:216,2
DA:217,2
DA:220,2
DA:221,2
DA:223,2
DA:224,2
DA:226,2
DA:228,2
DA:229,0
DA:232,2
DA:233,2
DA:234,2
DA:235,2
DA:237,2
DA:238,2
DA:239,2
DA:240,2
DA:241,2
DA:242,2
DA:244,2
DA:245,2
DA:246,2
DA:248,2
DA:249,2
DA:250,2
DA:252,2
DA:253,2
DA:254,2
DA:255,2
DA:257,2
LF:163
LH:162
BRDA:228,0,0,0
BRDA:228,0,1,2
BRF:2
BRH:1
end_of_record
TN:
SF:/var/www/html/planner-db/lib/db.js
FN:7,setupDatabase
FNF:1
FNH:1
FNDA:2,setupDatabase
DA:3,1
DA:5,1
DA:7,1
DA:8,2
DA:9,1
DA:11,2
LF:6
LH:6
BRDA:8,0,0,1
BRDA:8,0,1,1
BRF:2
BRH:2
end_of_record
TN:
SF:/var/www/html/planner-db/lib/core-ps/pdp.js
FN:3,setupPdp
FNF:1
FNH:1
FNDA:2,setupPdp
DA:3,1
LF:1
LH:1
BRF:0
BRH:0
end_of_record
TN:
SF:/var/www/html/planner-db/lib/core-ps/sau.js
FN:3,setupSau
FNF:1
FNH:1
FNDA:2,setupSau
DA:3,1
LF:1
LH:1
BRF:0
BRH:0
end_of_record
TN:
SF:/var/www/html/planner-db/lib/core-ps/th.js
FN:3,setupTh
FNF:1
FNH:1
FNDA:2,setupTh
DA:3,1
LF:1
LH:1
BRF:0
BRH:0
end_of_record
TN:
SF:/var/www/html/planner-db/lib/general/centralized_analysis.js
FN:3,setupCentralizedAnalysis
FNF:1
FNH:1
FNDA:2,setupCentralizedAnalysis
DA:3,1
LF:1
LH:1
BRF:0
BRH:0
end_of_record
TN:
SF:/var/www/html/planner-db/lib/general/class.js
FN:3,setupClass
FNF:1
FNH:1
FNDA:2,setupClass
DA:3,1
LF:1
LH:1
BRF:0
BRH:0
end_of_record
TN:
SF:/var/www/html/planner-db/lib/general/datacenter.js
FN:3,setupDatacenter
FNF:1
FNH:1
FNDA:2,setupDatacenter
DA:3,1
LF:1
LH:1
BRF:0
BRH:0
end_of_record
TN:
SF:/var/www/html/planner-db/lib/general/datacenter_main.js
FN:3,setupDatacenterMain
FNF:1
FNH:1
FNDA:2,setupDatacenterMain
DA:3,1
LF:1
LH:1
BRF:0
BRH:0
end_of_record
TN:
SF:/var/www/html/planner-db/lib/general/date.js
FN:6,setupDate
FN:7,createOrUpdate
FN:25,findAll
FN:29,findByDate
FN:39,findByRange
FNF:5
FNH:1
FNDA:2,setupDate
FNDA:0,createOrUpdate
FNDA:0,findAll
FNDA:0,findByDate
FNDA:0,findByRange
DA:3,1
DA:4,1
DA:6,1
DA:8,0
DA:14,0
DA:16,0
DA:17,0
DA:18,0
DA:21,0
DA:22,0
DA:26,0
DA:30,0
DA:36,0
DA:40,0
DA:51,0
DA:54,2
LF:16
LH:4
BRDA:16,0,0,0
BRDA:16,0,1,0
BRDA:18,1,0,0
BRDA:18,1,1,0
BRF:4
BRH:0
end_of_record
TN:
SF:/var/www/html/planner-db/lib/general/gb.js
FN:3,setupGb
FNF:1
FNH:1
FNDA:2,setupGb
DA:3,1
LF:1
LH:1
BRF:0
BRH:0
end_of_record
TN:
SF:/var/www/html/planner-db/lib/general/region.js
FN:3,setupRegion
FNF:1
FNH:1
FNDA:2,setupRegion
DA:3,1
LF:1
LH:1
BRF:0
BRH:0
end_of_record
TN:
SF:/var/www/html/planner-db/lib/general/traffic.js
FN:3,setupTraffic
FNF:1
FNH:1
FNDA:2,setupTraffic
DA:3,1
LF:1
LH:1
BRF:0
BRH:0
end_of_record
TN:
SF:/var/www/html/planner-db/lib/general/type.js
FN:3,setupType
FNF:1
FNH:1
FNDA:2,setupType
DA:3,1
LF:1
LH:1
BRF:0
BRH:0
end_of_record
TN:
SF:/var/www/html/planner-db/lib/general/users.js
FN:3,setupUsers
FNF:1
FNH:1
FNDA:2,setupUsers
DA:3,1
LF:1
LH:1
BRF:0
BRH:0
end_of_record
TN:
SF:/var/www/html/planner-db/lib/ratios/pdp_ sau.js
FN:3,setupPdpSau
FNF:1
FNH:1
FNDA:2,setupPdpSau
DA:3,1
LF:1
LH:1
BRF:0
BRH:0
end_of_record
TN:
SF:/var/www/html/planner-db/lib/ratios/sau_users.js
FN:3,setupSauUsers
FNF:1
FNH:1
FNDA:2,setupSauUsers
DA:3,1
LF:1
LH:1
BRF:0
BRH:0
end_of_record
TN:
SF:/var/www/html/planner-db/lib/ratios/thfc_pdp.js
FN:3,setupThfcPdp
FNF:1
FNH:1
FNDA:2,setupThfcPdp
DA:3,1
LF:1
LH:1
BRF:0
BRH:0
end_of_record
TN:
SF:/var/www/html/planner-db/lib/ratios/thfc_sau.js
FN:3,setupThfcSau
FNF:1
FNH:1
FNDA:2,setupThfcSau
DA:3,1
LF:1
LH:1
BRF:0
BRH:0
end_of_record
TN:
SF:/var/www/html/planner-db/lib/u2000/pdp.js
FN:3,setupUpdp
FNF:1
FNH:1
FNDA:2,setupUpdp
DA:3,1
LF:1
LH:1
BRF:0
BRH:0
end_of_record
TN:
SF:/var/www/html/planner-db/lib/u2000/sau.js
FN:3,setupUsau
FNF:1
FNH:1
FNDA:2,setupUsau
DA:3,1
LF:1
LH:1
BRF:0
BRH:0
end_of_record
TN:
SF:/var/www/html/planner-db/lib/u2000/th.js
FN:3,setupUth
FNF:1
FNH:1
FNDA:2,setupUth
DA:3,1
LF:1
LH:1
BRF:0
BRH:0
end_of_record
TN:
SF:/var/www/html/planner-db/models/core-ps/pdp.js
FN:6,setupPdpModel
FNF:1
FNH:0
FNDA:0,setupPdpModel
DA:3,1
DA:4,1
DA:6,1
DA:7,0
DA:9,0
LF:5
LH:3
BRF:0
BRH:0
end_of_record
TN:
SF:/var/www/html/planner-db/models/core-ps/sau.js
FN:6,setupSauModel
FNF:1
FNH:0
FNDA:0,setupSauModel
DA:3,1
DA:4,1
DA:6,1
DA:7,0
DA:9,0
LF:5
LH:3
BRF:0
BRH:0
end_of_record
TN:
SF:/var/www/html/planner-db/models/core-ps/th.js
FN:6,setupThModel
FNF:1
FNH:0
FNDA:0,setupThModel
DA:3,1
DA:4,1
DA:6,1
DA:7,0
DA:9,0
LF:5
LH:3
BRF:0
BRH:0
end_of_record
TN:
SF:/var/www/html/planner-db/models/general/centralized_analysis.js
FN:6,setupCentralizedAnalysisModel
FNF:1
FNH:0
FNDA:0,setupCentralizedAnalysisModel
DA:3,1
DA:4,1
DA:6,1
DA:7,0
DA:9,0
LF:5
LH:3
BRF:0
BRH:0
end_of_record
TN:
SF:/var/www/html/planner-db/models/general/class.js
FN:6,setupClassModel
FNF:1
FNH:0
FNDA:0,setupClassModel
DA:3,1
DA:4,1
DA:6,1
DA:7,0
DA:9,0
LF:5
LH:3
BRF:0
BRH:0
end_of_record
TN:
SF:/var/www/html/planner-db/models/general/datacenter.js
FN:6,setupDatacenterModel
FNF:1
FNH:0
FNDA:0,setupDatacenterModel
DA:3,1
DA:4,1
DA:6,1
DA:7,0
DA:9,0
LF:5
LH:3
BRF:0
BRH:0
end_of_record
TN:
SF:/var/www/html/planner-db/models/general/datacenter_main.js
FN:6,setupDatacenterMainModel
FNF:1
FNH:0
FNDA:0,setupDatacenterMainModel
DA:3,1
DA:4,1
DA:6,1
DA:7,0
DA:9,0
LF:5
LH:3
BRF:0
BRH:0
end_of_record
TN:
SF:/var/www/html/planner-db/models/general/date.js
FN:6,setupDateModel
FNF:1
FNH:0
FNDA:0,setupDateModel
DA:3,1
DA:4,1
DA:6,1
DA:7,0
DA:9,0
LF:5
LH:3
BRF:0
BRH:0
end_of_record
TN:
SF:/var/www/html/planner-db/models/general/gb.js
FN:6,setupGbModel
FNF:1
FNH:0
FNDA:0,setupGbModel
DA:3,1
DA:4,1
DA:6,1
DA:7,0
DA:9,0
LF:5
LH:3
BRF:0
BRH:0
end_of_record
TN:
SF:/var/www/html/planner-db/models/general/region.js
FN:6,setupRegionModel
FNF:1
FNH:0
FNDA:0,setupRegionModel
DA:3,1
DA:4,1
DA:6,1
DA:7,0
DA:9,0
LF:5
LH:3
BRF:0
BRH:0
end_of_record
TN:
SF:/var/www/html/planner-db/models/general/traffic.js
FN:6,setupTrafficModel
FNF:1
FNH:0
FNDA:0,setupTrafficModel
DA:3,1
DA:4,1
DA:6,1
DA:7,0
DA:9,0
LF:5
LH:3
BRF:0
BRH:0
end_of_record
TN:
SF:/var/www/html/planner-db/models/general/type.js
FN:6,setupTypeModel
FNF:1
FNH:0
FNDA:0,setupTypeModel
DA:3,1
DA:4,1
DA:6,1
DA:7,0
DA:9,0
LF:5
LH:3
BRF:0
BRH:0
end_of_record
TN:
SF:/var/www/html/planner-db/models/general/users.js
FN:6,setupUsersModel
FNF:1
FNH:0
FNDA:0,setupUsersModel
DA:3,1
DA:4,1
DA:6,1
DA:7,0
DA:9,0
LF:5
LH:3
BRF:0
BRH:0
end_of_record
TN:
SF:/var/www/html/planner-db/models/ratios/pdp_ sau.js
FN:6,setupPdpSauModel
FNF:1
FNH:0
FNDA:0,setupPdpSauModel
DA:3,1
DA:4,1
DA:6,1
DA:7,0
DA:9,0
LF:5
LH:3
BRF:0
BRH:0
end_of_record
TN:
SF:/var/www/html/planner-db/models/ratios/sau_users.js
FN:6,setupSauUsersModel
FNF:1
FNH:0
FNDA:0,setupSauUsersModel
DA:3,1
DA:4,1
DA:6,1
DA:7,0
DA:9,0
LF:5
LH:3
BRF:0
BRH:0
end_of_record
TN:
SF:/var/www/html/planner-db/models/ratios/thfc_pdp.js
FN:6,setupThfcPdpModel
FNF:1
FNH:0
FNDA:0,setupThfcPdpModel
DA:3,1
DA:4,1
DA:6,1
DA:7,0
DA:9,0
LF:5
LH:3
BRF:0
BRH:0
end_of_record
TN:
SF:/var/www/html/planner-db/models/ratios/thfc_sau.js
FN:6,setupThfcSauModel
FNF:1
FNH:0
FNDA:0,setupThfcSauModel
DA:3,1
DA:4,1
DA:6,1
DA:7,0
DA:9,0
LF:5
LH:3
BRF:0
BRH:0
end_of_record
TN:
SF:/var/www/html/planner-db/models/u2000/pdp.js
FN:6,setupUpdpModel
FNF:1
FNH:0
FNDA:0,setupUpdpModel
DA:3,1
DA:4,1
DA:6,1
DA:7,0
DA:9,0
LF:5
LH:3
BRF:0
BRH:0
end_of_record
TN:
SF:/var/www/html/planner-db/models/u2000/sau.js
FN:6,setupUsauModel
FNF:1
FNH:0
FNDA:0,setupUsauModel
DA:3,1
DA:4,1
DA:6,1
DA:7,0
DA:9,0
LF:5
LH:3
BRF:0
BRH:0
end_of_record
TN:
SF:/var/www/html/planner-db/models/u2000/th.js
FN:6,setupUthModel
FNF:1
FNH:0
FNDA:0,setupUthModel
DA:3,1
DA:4,1
DA:6,1
DA:7,0
DA:9,0
LF:5
LH:3
BRF:0
BRH:0
end_of_record
TN:
SF:/var/www/html/planner-db/tests/general/date-tests.js
FN:8,(anonymous_4)
FN:84,(anonymous_5)
FN:91,(anonymous_6)
FN:92,(anonymous_7)
FN:93,(anonymous_8)
FN:94,(anonymous_9)
FN:96,(anonymous_10)
FN:97,(anonymous_11)
FN:98,(anonymous_12)
FN:99,(anonymous_13)
FN:100,(anonymous_14)
FN:101,(anonymous_15)
FN:103,(anonymous_16)
FN:104,(anonymous_17)
FN:105,(anonymous_18)
FN:107,(anonymous_19)
FN:108,(anonymous_20)
FN:109,(anonymous_21)
FN:111,(anonymous_22)
FN:112,(anonymous_23)
FN:113,(anonymous_24)
FN:114,(anonymous_25)
FN:120,(anonymous_26)
FN:124,(anonymous_27)
FN:128,(anonymous_28)
FNF:25
FNH:25
FNDA:2,(anonymous_4)
FNDA:2,(anonymous_5)
FNDA:2,(anonymous_6)
FNDA:2,(anonymous_7)
FNDA:2,(anonymous_8)
FNDA:2,(anonymous_9)
FNDA:2,(anonymous_10)
FNDA:2,(anonymous_11)
FNDA:2,(anonymous_12)
FNDA:2,(anonymous_13)
FNDA:2,(anonymous_14)
FNDA:2,(anonymous_15)
FNDA:2,(anonymous_16)
FNDA:2,(anonymous_17)
FNDA:2,(anonymous_18)
FNDA:2,(anonymous_19)
FNDA:2,(anonymous_20)
FNDA:2,(anonymous_21)
FNDA:2,(anonymous_22)
FNDA:2,(anonymous_23)
FNDA:2,(anonymous_24)
FNDA:2,(anonymous_25)
FNDA:2,(anonymous_26)
FNDA:1,(anonymous_27)
FNDA:1,(anonymous_28)
DA:3,1
DA:4,1
DA:5,1
DA:7,1
DA:11,1
DA:12,1
DA:13,1
DA:16,1
DA:20,1
DA:23,1
DA:27,1
DA:31,1
DA:35,1
DA:38,1
DA:41,1
DA:44,1
DA:49,1
DA:52,1
DA:55,1
DA:60,1
DA:63,1
DA:66,1
DA:71,1
DA:74,1
DA:77,1
DA:80,1
DA:84,1
DA:85,2
DA:86,2
DA:90,2
DA:91,2
DA:92,2
DA:93,2
DA:94,2
DA:96,2
DA:97,2
DA:98,2
DA:99,2
DA:100,2
DA:101,2
DA:103,2
DA:104,2
DA:105,2
DA:107,2
DA:108,2
DA:109,2
DA:111,2
DA:112,2
DA:113,2
DA:114,2
DA:117,2
DA:120,1
DA:121,2
DA:124,1
DA:125,1
DA:128,16
DA:129,1
DA:130,1
DA:131,1
DA:132,1
DA:133,1
DA:134,1
DA:135,1
DA:136,1
DA:137,1
DA:138,1
DA:139,1
DA:140,1
DA:141,1
DA:142,1
DA:143,1
DA:144,1
LF:72
LH:72
BRDA:121,0,0,2
BRDA:121,0,1,2
BRF:2
BRH:2
end_of_record
